<?xml version='1.0' encoding='UTF-8'?>
<testsuite hostname="DESKTOP-J2S32C4" name="MajorityPrinter" tests="1" errors="0" failures="0" skipped="0" time="7.474" timestamp="2023-02-09T15:59:06">
          <properties>
      <property name="java.specification.version" value="17"/><property name="sun.cpu.isalist" value="amd64"/><property name="sun.jnu.encoding" value="Cp1252"/><property name="sun.arch.data.model" value="64"/><property name="java.vendor.url" value="https://adoptium.net/"/><property name="sun.boot.library.path" value="C:\Program Files\Eclipse Adoptium\jdk-17.0.6.10-hotspot\bin"/><property name="sun.java.command" value="xsbt.boot.Boot test"/><property name="jdk.debug" value="release"/><property name="sun.stderr.encoding" value="cp437"/><property name="java.specification.vendor" value="Oracle Corporation"/><property name="java.version.date" value="2023-01-17"/><property name="java.home" value="C:\Program Files\Eclipse Adoptium\jdk-17.0.6.10-hotspot"/><property name="file.separator" value="\"/><property name="java.vm.compressedOopsMode" value="32-bit"/><property name="line.separator" value="
"/><property name="sun.stdout.encoding" value="cp437"/><property name="java.vm.specification.vendor" value="Oracle Corporation"/><property name="java.specification.name" value="Java Platform API Specification"/><property name="user.script" value=""/><property name="sun.management.compiler" value="HotSpot 64-Bit Tiered Compilers"/><property name="java.runtime.version" value="17.0.6+10"/><property name="user.name" value="Ugo Lee"/><property name="log4j.ignoreTCL" value="true"/><property name="file.encoding" value="UTF-8"/><property name="jnidispatch.path" value="C:\Users\UGOLEE~1\AppData\Local\Temp\jna-1180744521\jna15965594256122692976.dll"/><property name="java.vendor.version" value="Temurin-17.0.6+10"/><property name="jna.loaded" value="true"/><property name="java.io.tmpdir" value="C:\Users\UGOLEE~1\AppData\Local\Temp\"/><property name="java.version" value="17.0.6"/><property name="java.vm.specification.name" value="Java Virtual Machine Specification"/><property name="sun.os.patch.level" value=""/><property name="native.encoding" value="Cp1252"/><property name="java.library.path" value="C:\Program Files\Eclipse Adoptium\jdk-17.0.6.10-hotspot\bin;C:\WINDOWS\Sun\Java\bin;C:\WINDOWS\system32;C:\WINDOWS;C:\Program Files\Eclipse Adoptium\jdk-17.0.6.10-hotspot\bin;C:\Program Files (x86)\Common Files\Oracle\Java\javapath;C:\Program Files (x86)\Intel\Intel(R) Management Engine Components\iCLS\;C:\Program Files\Intel\Intel(R) Management Engine Components\iCLS\;C:\windows\system32;C:\windows;C:\windows\System32\Wbem;C:\windows\System32\WindowsPowerShell\v1.0\;C:\windows\System32\OpenSSH\;C:\Program Files (x86)\NVIDIA Corporation\PhysX\Common;C:\Program Files\NVIDIA Corporation\NVIDIA NvDLISR;C:\Program Files\Intel\WiFi\bin\;C:\Program Files\Common Files\Intel\WirelessCommon\;C:\Program Files (x86)\Intel\Intel(R) Management Engine Components\DAL;C:\Program Files\Intel\Intel(R) Management Engine Components\DAL;C:\WINDOWS\system32;C:\WINDOWS;C:\WINDOWS\System32\Wbem;C:\WINDOWS\System32\WindowsPowerShell\v1.0\;C:\WINDOWS\System32\OpenSSH\;C:\Program Files (x86)\sbt\bin;C:\Program Files\Git\cmd;C:\Users\Ugo Lee\anaconda3;C:\Users\Ugo Lee\anaconda3\Library\mingw-w64\bin;C:\Users\Ugo Lee\anaconda3\Library\usr\bin;C:\Users\Ugo Lee\anaconda3\Library\bin;C:\Users\Ugo Lee\anaconda3\Scripts;C:\Users\Ugo Lee\AppData\Local\Microsoft\WindowsApps;C:\Users\Ugo Lee\AppData\Local\Programs\Microsoft VS Code\bin;C:\Users\Ugo Lee\AppData\Local\GitHubDesktop\bin;."/><property name="java.vendor" value="Eclipse Adoptium"/><property name="scala.ext.dirs" value="C:\Users\Ugo Lee\.sbt\1.0\java9-rt-ext-eclipse_adoptium_17_0_6"/><property name="sun.io.unicode.encoding" value="UnicodeLittle"/><property name="java.class.path" value="C:\Program Files (x86)\sbt\\bin\sbt-launch.jar"/><property name="java.vm.vendor" value="Eclipse Adoptium"/><property name="user.variant" value=""/><property name="jline.shutdownhook" value="false"/><property name="user.timezone" value="Europe/Paris"/><property name="java.vm.specification.version" value="17"/><property name="os.name" value="Windows 11"/><property name="sun.java.launcher" value="SUN_STANDARD"/><property name="user.country" value="US"/><property name="sun.cpu.endian" value="little"/><property name="user.home" value="C:\Users\Ugo Lee"/><property name="user.language" value="en"/><property name="sbt.ipcsocket.tmpdir" value="C:\Users\UGOLEE~1\AppData\Local\Temp\.sbte7ef5511\ipcsocket"/><property name="swoval.tmpdir" value="C:\Users\UGOLEE~1\AppData\Local\Temp\.sbte7ef5511\swoval"/><property name="jline.esc.timeout" value="0"/><property name="path.separator" value=";"/><property name="os.version" value="10.0"/><property name="jna.nosys" value="true"/><property name="java.runtime.name" value="OpenJDK Runtime Environment"/><property name="java.vm.name" value="OpenJDK 64-Bit Server VM"/><property name="java.vendor.url.bug" value="https://github.com/adoptium/adoptium-support/issues"/><property name="user.dir" value="C:\Users\Ugo Lee\Desktop\02139 Digital Electronics 2\chisel-lab\lab2"/><property name="os.arch" value="amd64"/><property name="java.vm.info" value="mixed mode, sharing"/><property name="java.vm.version" value="17.0.6+10"/><property name="java.class.version" value="61.0"/>
    </properties>
          <testcase classname="MajorityPrinter" name="Majority print results should pass" time="7.474">
                      
                    </testcase>
          <system-out><![CDATA[]]></system-out>
          <system-err><![CDATA[]]></system-err>
        </testsuite>